Copyright 1986-2022 Xilinx, Inc. All Rights Reserved.
---------------------------------------------------------------------------------------------------------
| Tool Version : Vivado v.2022.2 (win64) Build 3671981 Fri Oct 14 05:00:03 MDT 2022
| Date         : Sun Jan 15 14:45:24 2023
| Host         : DESKTOP-SA1D2UB running 64-bit major release  (build 9200)
| Command      : report_control_sets -verbose -file enhanced_stopwatch_ps2_synth_control_sets_placed.rpt
| Design       : enhanced_stopwatch_ps2_synth
| Device       : xc7a35t
---------------------------------------------------------------------------------------------------------

Control Set Information

Table of Contents
-----------------
1. Summary
2. Histogram
3. Flip-Flop Distribution
4. Detailed Control Set Information

1. Summary
----------

+----------------------------------------------------------+-------+
|                          Status                          | Count |
+----------------------------------------------------------+-------+
| Total control sets                                       |     7 |
|    Minimum number of control sets                        |     7 |
|    Addition due to synthesis replication                 |     0 |
|    Addition due to physical synthesis replication        |     0 |
| Unused register locations in slices containing registers |    15 |
+----------------------------------------------------------+-------+
* Control sets can be merged at opt_design using control_set_merge or merge_equivalent_drivers
** Run report_qor_suggestions for automated merging and remapping suggestions


2. Histogram
------------

+--------------------+-------+
|       Fanout       | Count |
+--------------------+-------+
| Total control sets |     7 |
| >= 0 to < 4        |     0 |
| >= 4 to < 6        |     1 |
| >= 6 to < 8        |     0 |
| >= 8 to < 10       |     0 |
| >= 10 to < 12      |     1 |
| >= 12 to < 14      |     0 |
| >= 14 to < 16      |     0 |
| >= 16              |     5 |
+--------------------+-------+
* Control sets can be remapped at either synth_design or opt_design


3. Flip-Flop Distribution
-------------------------

+--------------+-----------------------+------------------------+-----------------+--------------+
| Clock Enable | Synchronous Set/Reset | Asynchronous Set/Reset | Total Registers | Total Slices |
+--------------+-----------------------+------------------------+-----------------+--------------+
| No           | No                    | No                     |              16 |            9 |
| No           | No                    | Yes                    |              46 |           14 |
| No           | Yes                   | No                     |               0 |            0 |
| Yes          | No                    | No                     |               0 |            0 |
| Yes          | No                    | Yes                    |              35 |            8 |
| Yes          | Yes                   | No                     |              32 |            8 |
+--------------+-----------------------+------------------------+-----------------+--------------+


4. Detailed Control Set Information
-----------------------------------

+----------------------+--------------------------------------------+-----------------------+------------------+----------------+--------------+
|     Clock Signal     |                Enable Signal               |    Set/Reset Signal   | Slice Load Count | Bel Load Count | Bels / Slice |
+----------------------+--------------------------------------------+-----------------------+------------------+----------------+--------------+
|  CLK100MHZ_IBUF_BUFG | kb_code_shift/ps2_rx/s_n_next              | btnC_IBUF             |                1 |              4 |         4.00 |
|  CLK100MHZ_IBUF_BUFG | kb_code_shift/ps2_rx/s_b_next              | btnC_IBUF             |                2 |             10 |         5.00 |
|  CLK100MHZ_IBUF_BUFG |                                            |                       |                9 |             16 |         1.78 |
|  CLK100MHZ_IBUF_BUFG | kb_code_shift/ps2_rx/s_wr_en               |                       |                2 |             16 |         8.00 |
|  CLK100MHZ_IBUF_BUFG | kb_code_shift/ps2_rx/s_watchdog_count_next | btnC_IBUF             |                5 |             21 |         4.20 |
|  CLK100MHZ_IBUF_BUFG | recieve_ascii/s_go                         | recieve_ascii/ms_reg0 |                8 |             32 |         4.00 |
|  CLK100MHZ_IBUF_BUFG |                                            | btnC_IBUF             |               14 |             46 |         3.29 |
+----------------------+--------------------------------------------+-----------------------+------------------+----------------+--------------+


