Copyright 1986-2022 Xilinx, Inc. All Rights Reserved.
---------------------------------------------------------------------------------------------
| Tool Version : Vivado v.2022.2 (win64) Build 3671981 Fri Oct 14 05:00:03 MDT 2022
| Date         : Wed Jan  4 19:35:05 2023
| Host         : DESKTOP-SA1D2UB running 64-bit major release  (build 9200)
| Command      : report_control_sets -verbose -file kb_monitor_synth_control_sets_placed.rpt
| Design       : kb_monitor_synth
| Device       : xc7a35t
---------------------------------------------------------------------------------------------

Control Set Information

Table of Contents
-----------------
1. Summary
2. Histogram
3. Flip-Flop Distribution
4. Detailed Control Set Information

1. Summary
----------

+----------------------------------------------------------+-------+
|                          Status                          | Count |
+----------------------------------------------------------+-------+
| Total control sets                                       |     7 |
|    Minimum number of control sets                        |     7 |
|    Addition due to synthesis replication                 |     0 |
|    Addition due to physical synthesis replication        |     0 |
| Unused register locations in slices containing registers |    23 |
+----------------------------------------------------------+-------+
* Control sets can be merged at opt_design using control_set_merge or merge_equivalent_drivers
** Run report_qor_suggestions for automated merging and remapping suggestions


2. Histogram
------------

+--------------------+-------+
|       Fanout       | Count |
+--------------------+-------+
| Total control sets |     7 |
| >= 0 to < 4        |     0 |
| >= 4 to < 6        |     3 |
| >= 6 to < 8        |     0 |
| >= 8 to < 10       |     1 |
| >= 10 to < 12      |     1 |
| >= 12 to < 14      |     1 |
| >= 14 to < 16      |     0 |
| >= 16              |     1 |
+--------------------+-------+
* Control sets can be remapped at either synth_design or opt_design


3. Flip-Flop Distribution
-------------------------

+--------------+-----------------------+------------------------+-----------------+--------------+
| Clock Enable | Synchronous Set/Reset | Asynchronous Set/Reset | Total Registers | Total Slices |
+--------------+-----------------------+------------------------+-----------------+--------------+
| No           | No                    | No                     |               0 |            0 |
| No           | No                    | Yes                    |              34 |           11 |
| No           | Yes                   | No                     |               0 |            0 |
| Yes          | No                    | No                     |               0 |            0 |
| Yes          | No                    | Yes                    |              31 |            9 |
| Yes          | Yes                   | No                     |               0 |            0 |
+--------------+-----------------------+------------------------+-----------------+--------------+


4. Detailed Control Set Information
-----------------------------------

+----------------------+-------------------------+------------------+------------------+----------------+--------------+
|     Clock Signal     |      Enable Signal      | Set/Reset Signal | Slice Load Count | Bel Load Count | Bels / Slice |
+----------------------+-------------------------+------------------+------------------+----------------+--------------+
|  CLK100MHZ_IBUF_BUFG | kb/ps2_rx/s_n_next      | btnC_IBUF        |                1 |              4 |         4.00 |
|  CLK100MHZ_IBUF_BUFG | kb/ps2_rx/E[0]          | btnC_IBUF        |                1 |              4 |         4.00 |
|  CLK100MHZ_IBUF_BUFG | kb/uart/tx/s_s_next     | btnC_IBUF        |                2 |              5 |         2.50 |
|  CLK100MHZ_IBUF_BUFG | kb/uart/tx/s_b_next_0   | btnC_IBUF        |                2 |              8 |         4.00 |
|  CLK100MHZ_IBUF_BUFG | kb/ps2_rx/s_b_next      | btnC_IBUF        |                3 |             10 |         3.33 |
|  CLK100MHZ_IBUF_BUFG | kb/uart/fifo_tx/s_wr_en |                  |                2 |             12 |         6.00 |
|  CLK100MHZ_IBUF_BUFG |                         | btnC_IBUF        |               11 |             34 |         3.09 |
+----------------------+-------------------------+------------------+------------------+----------------+--------------+


