
*** Running vivado
    with args -log stack_synth.vds -m64 -product Vivado -mode batch -messageDb vivado.pb -notrace -source stack_synth.tcl



****** Vivado v2022.2 (64-bit)
  **** SW Build 3671981 on Fri Oct 14 05:00:03 MDT 2022
  **** IP Build 3669848 on Fri Oct 14 08:30:02 MDT 2022
    ** Copyright 1986-2022 Xilinx, Inc. All Rights Reserved.

source stack_synth.tcl -notrace
create_project: Time (s): cpu = 00:00:05 ; elapsed = 00:00:05 . Memory (MB): peak = 394.418 ; gain = 75.590
Command: read_checkpoint -auto_incremental -incremental C:/Projects/FPGA-Intro/FPGA_Prototyping_CH4/FPGA_Prototyping_CH4.srcs/utils_1/imports/synth_1/stopwatch_synth.dcp
INFO: [Vivado 12-5825] Read reference checkpoint from C:/Projects/FPGA-Intro/FPGA_Prototyping_CH4/FPGA_Prototyping_CH4.srcs/utils_1/imports/synth_1/stopwatch_synth.dcp for incremental synthesis
INFO: [Vivado 12-7989] Please ensure there are no constraint changes
Command: synth_design -top stack_synth -part xc7a35tcpg236-1
Starting synth_design
Attempting to get a license for feature 'Synthesis' and/or device 'xc7a35t'
INFO: [Common 17-349] Got license for feature 'Synthesis' and/or device 'xc7a35t'
INFO: [Device 21-403] Loading part xc7a35tcpg236-1
INFO: [Designutils 20-5440] No compile time benefit to using incremental synthesis; A full resynthesis will be run
INFO: [Designutils 20-4379] Flow is switching to default flow due to incremental criteria not met. If you would like to alter this behaviour and have the flow terminate instead, please set the following parameter config_implementation {autoIncr.Synth.RejectBehavior Terminate}
INFO: [Synth 8-7079] Multithreading enabled for synth_design using a maximum of 2 processes.
INFO: [Synth 8-7078] Launching helper process for spawning children vivado processes
INFO: [Synth 8-7075] Helper process launched with PID 6772
INFO: [Synth 8-11241] undeclared symbol 'REGCCE', assumed default net type 'wire' [C:/Xilinx/Vivado/2022.2/data/verilog/src/unimacro/BRAM_SINGLE_MACRO.v:2170]
WARNING: [Synth 8-6901] identifier 'B' is used before its declaration [C:/Projects/FPGA-Intro/FPGA_Prototyping_CH4/FPGA_Prototyping_CH4.srcs/sources_1/new/stack.v:26]
WARNING: [Synth 8-6901] identifier 'B' is used before its declaration [C:/Projects/FPGA-Intro/FPGA_Prototyping_CH4/FPGA_Prototyping_CH4.srcs/sources_1/new/stack.v:28]
---------------------------------------------------------------------------------
Starting RTL Elaboration : Time (s): cpu = 00:00:06 ; elapsed = 00:00:06 . Memory (MB): peak = 1206.383 ; gain = 408.832
---------------------------------------------------------------------------------
INFO: [Synth 8-6157] synthesizing module 'stack_synth' [C:/Projects/FPGA-Intro/FPGA_Prototyping_CH4/FPGA_Prototyping_CH4.srcs/sources_1/new/stack_synth.v:23]
INFO: [Synth 8-6157] synthesizing module 'clock_divider' [C:/Projects/FPGA-Intro/FPGA_Prototyping_CH4/FPGA_Prototyping_CH4.srcs/sources_1/new/clock_divider.v:23]
INFO: [Synth 8-6155] done synthesizing module 'clock_divider' (0#1) [C:/Projects/FPGA-Intro/FPGA_Prototyping_CH4/FPGA_Prototyping_CH4.srcs/sources_1/new/clock_divider.v:23]
INFO: [Synth 8-6157] synthesizing module 'stack' [C:/Projects/FPGA-Intro/FPGA_Prototyping_CH4/FPGA_Prototyping_CH4.srcs/sources_1/new/stack.v:23]
INFO: [Synth 8-155] case statement is not full and has no default [C:/Projects/FPGA-Intro/FPGA_Prototyping_CH4/FPGA_Prototyping_CH4.srcs/sources_1/new/stack.v:80]
INFO: [Synth 8-6155] done synthesizing module 'stack' (0#1) [C:/Projects/FPGA-Intro/FPGA_Prototyping_CH4/FPGA_Prototyping_CH4.srcs/sources_1/new/stack.v:23]
INFO: [Synth 8-6157] synthesizing module 'seven_seg_mux' [C:/Projects/FPGA-Intro/FPGA_Prototyping_CH4/FPGA_Prototyping_CH4.srcs/sources_1/imports/FPGA-Intro/Synthesized_Starter_Code/Synthesized_Starter_Code.srcs/sources_1/new/seven_seg_mux.v:23]
INFO: [Synth 8-6157] synthesizing module 'pwm_4b' [C:/Projects/FPGA-Intro/FPGA_Prototyping_CH4/FPGA_Prototyping_CH4.srcs/sources_1/new/pwm_4b.v:23]
INFO: [Synth 8-6155] done synthesizing module 'pwm_4b' (0#1) [C:/Projects/FPGA-Intro/FPGA_Prototyping_CH4/FPGA_Prototyping_CH4.srcs/sources_1/new/pwm_4b.v:23]
INFO: [Synth 8-6157] synthesizing module 'seven_seg' [C:/Projects/FPGA-Intro/FPGA_Prototyping_CH4/FPGA_Prototyping_CH4.srcs/sources_1/imports/FPGA-Intro/FPGA_Prototyping_CH3/FPGA_Prototyping_CH3.srcs/sources_1/imports/FPGA-Intro/FPGA_Prototyping_Exercises/FPGA_Prototyping_Exercises.sim/seven_seg.v:26]
INFO: [Synth 8-6155] done synthesizing module 'seven_seg' (0#1) [C:/Projects/FPGA-Intro/FPGA_Prototyping_CH4/FPGA_Prototyping_CH4.srcs/sources_1/imports/FPGA-Intro/FPGA_Prototyping_CH3/FPGA_Prototyping_CH3.srcs/sources_1/imports/FPGA-Intro/FPGA_Prototyping_Exercises/FPGA_Prototyping_Exercises.sim/seven_seg.v:26]
INFO: [Synth 8-6155] done synthesizing module 'seven_seg_mux' (0#1) [C:/Projects/FPGA-Intro/FPGA_Prototyping_CH4/FPGA_Prototyping_CH4.srcs/sources_1/imports/FPGA-Intro/Synthesized_Starter_Code/Synthesized_Starter_Code.srcs/sources_1/new/seven_seg_mux.v:23]
INFO: [Synth 8-6155] done synthesizing module 'stack_synth' (0#1) [C:/Projects/FPGA-Intro/FPGA_Prototyping_CH4/FPGA_Prototyping_CH4.srcs/sources_1/new/stack_synth.v:23]
WARNING: [Synth 8-7137] Register count_reg_reg in module pwm_4b has both Set and reset with same priority. This may cause simulation mismatches. Consider rewriting code  [C:/Projects/FPGA-Intro/FPGA_Prototyping_CH4/FPGA_Prototyping_CH4.srcs/sources_1/new/pwm_4b.v:41]
WARNING: [Synth 8-7137] Register pwm_reg_reg in module pwm_4b has both Set and reset with same priority. This may cause simulation mismatches. Consider rewriting code  [C:/Projects/FPGA-Intro/FPGA_Prototyping_CH4/FPGA_Prototyping_CH4.srcs/sources_1/new/pwm_4b.v:42]
WARNING: [Synth 8-7129] Port LED[15] in module stack_synth is either unconnected or has no load
WARNING: [Synth 8-7129] Port LED[14] in module stack_synth is either unconnected or has no load
WARNING: [Synth 8-7129] Port LED[13] in module stack_synth is either unconnected or has no load
WARNING: [Synth 8-7129] Port LED[12] in module stack_synth is either unconnected or has no load
WARNING: [Synth 8-7129] Port LED[11] in module stack_synth is either unconnected or has no load
WARNING: [Synth 8-7129] Port LED[10] in module stack_synth is either unconnected or has no load
WARNING: [Synth 8-7129] Port LED[9] in module stack_synth is either unconnected or has no load
WARNING: [Synth 8-7129] Port LED[8] in module stack_synth is either unconnected or has no load
WARNING: [Synth 8-7129] Port LED[7] in module stack_synth is either unconnected or has no load
WARNING: [Synth 8-7129] Port LED[6] in module stack_synth is either unconnected or has no load
WARNING: [Synth 8-7129] Port sw[15] in module stack_synth is either unconnected or has no load
WARNING: [Synth 8-7129] Port sw[14] in module stack_synth is either unconnected or has no load
WARNING: [Synth 8-7129] Port sw[13] in module stack_synth is either unconnected or has no load
WARNING: [Synth 8-7129] Port sw[12] in module stack_synth is either unconnected or has no load
WARNING: [Synth 8-7129] Port sw[11] in module stack_synth is either unconnected or has no load
WARNING: [Synth 8-7129] Port sw[10] in module stack_synth is either unconnected or has no load
WARNING: [Synth 8-7129] Port sw[9] in module stack_synth is either unconnected or has no load
WARNING: [Synth 8-7129] Port sw[8] in module stack_synth is either unconnected or has no load
WARNING: [Synth 8-7129] Port sw[7] in module stack_synth is either unconnected or has no load
WARNING: [Synth 8-7129] Port sw[6] in module stack_synth is either unconnected or has no load
WARNING: [Synth 8-7129] Port sw[5] in module stack_synth is either unconnected or has no load
WARNING: [Synth 8-7129] Port sw[4] in module stack_synth is either unconnected or has no load
---------------------------------------------------------------------------------
Finished RTL Elaboration : Time (s): cpu = 00:00:08 ; elapsed = 00:00:08 . Memory (MB): peak = 1296.449 ; gain = 498.898
---------------------------------------------------------------------------------
---------------------------------------------------------------------------------
Start Handling Custom Attributes
---------------------------------------------------------------------------------
---------------------------------------------------------------------------------
Finished Handling Custom Attributes : Time (s): cpu = 00:00:08 ; elapsed = 00:00:08 . Memory (MB): peak = 1296.449 ; gain = 498.898
---------------------------------------------------------------------------------
---------------------------------------------------------------------------------
Finished RTL Optimization Phase 1 : Time (s): cpu = 00:00:08 ; elapsed = 00:00:08 . Memory (MB): peak = 1296.449 ; gain = 498.898
---------------------------------------------------------------------------------
Netlist sorting complete. Time (s): cpu = 00:00:00 ; elapsed = 00:00:00.003 . Memory (MB): peak = 1296.449 ; gain = 0.000
INFO: [Project 1-570] Preparing netlist for logic optimization

Processing XDC Constraints
Initializing timing engine
Parsing XDC File [C:/Projects/FPGA-Intro/FPGA_Prototyping_CH4/FPGA_Prototyping_CH4.srcs/constrs_1/imports/new/Basys3_Master.xdc]
WARNING: [Vivado 12-584] No ports matched 'btnU'. [C:/Projects/FPGA-Intro/FPGA_Prototyping_CH4/FPGA_Prototyping_CH4.srcs/constrs_1/imports/new/Basys3_Master.xdc:113]
CRITICAL WARNING: [Common 17-55] 'set_property' expects at least one object. [C:/Projects/FPGA-Intro/FPGA_Prototyping_CH4/FPGA_Prototyping_CH4.srcs/constrs_1/imports/new/Basys3_Master.xdc:113]
Resolution: If [get_<value>] was used to populate the object, check to make sure this command returns at least one valid object.
WARNING: [Vivado 12-584] No ports matched 'btnU'. [C:/Projects/FPGA-Intro/FPGA_Prototyping_CH4/FPGA_Prototyping_CH4.srcs/constrs_1/imports/new/Basys3_Master.xdc:114]
CRITICAL WARNING: [Common 17-55] 'set_property' expects at least one object. [C:/Projects/FPGA-Intro/FPGA_Prototyping_CH4/FPGA_Prototyping_CH4.srcs/constrs_1/imports/new/Basys3_Master.xdc:114]
Resolution: If [get_<value>] was used to populate the object, check to make sure this command returns at least one valid object.
WARNING: [Vivado 12-584] No ports matched 'btnD'. [C:/Projects/FPGA-Intro/FPGA_Prototyping_CH4/FPGA_Prototyping_CH4.srcs/constrs_1/imports/new/Basys3_Master.xdc:119]
CRITICAL WARNING: [Common 17-55] 'set_property' expects at least one object. [C:/Projects/FPGA-Intro/FPGA_Prototyping_CH4/FPGA_Prototyping_CH4.srcs/constrs_1/imports/new/Basys3_Master.xdc:119]
Resolution: If [get_<value>] was used to populate the object, check to make sure this command returns at least one valid object.
WARNING: [Vivado 12-584] No ports matched 'btnD'. [C:/Projects/FPGA-Intro/FPGA_Prototyping_CH4/FPGA_Prototyping_CH4.srcs/constrs_1/imports/new/Basys3_Master.xdc:120]
CRITICAL WARNING: [Common 17-55] 'set_property' expects at least one object. [C:/Projects/FPGA-Intro/FPGA_Prototyping_CH4/FPGA_Prototyping_CH4.srcs/constrs_1/imports/new/Basys3_Master.xdc:120]
Resolution: If [get_<value>] was used to populate the object, check to make sure this command returns at least one valid object.
Finished Parsing XDC File [C:/Projects/FPGA-Intro/FPGA_Prototyping_CH4/FPGA_Prototyping_CH4.srcs/constrs_1/imports/new/Basys3_Master.xdc]
INFO: [Project 1-236] Implementation specific constraints were found while reading constraint file [C:/Projects/FPGA-Intro/FPGA_Prototyping_CH4/FPGA_Prototyping_CH4.srcs/constrs_1/imports/new/Basys3_Master.xdc]. These constraints will be ignored for synthesis but will be used in implementation. Impacted constraints are listed in the file [.Xil/stack_synth_propImpl.xdc].
Resolution: To avoid this warning, move constraints listed in [.Xil/stack_synth_propImpl.xdc] to another XDC file and exclude this new file from synthesis with the used_in_synthesis property (File Properties dialog in GUI) and re-run elaboration/synthesis.
Completed Processing XDC Constraints

Netlist sorting complete. Time (s): cpu = 00:00:00 ; elapsed = 00:00:00 . Memory (MB): peak = 1354.238 ; gain = 0.000
INFO: [Project 1-111] Unisim Transformation Summary:
No Unisim elements were transformed.

Constraint Validation Runtime : Time (s): cpu = 00:00:00 ; elapsed = 00:00:00.003 . Memory (MB): peak = 1354.238 ; gain = 0.000
INFO: [Designutils 20-5440] No compile time benefit to using incremental synthesis; A full resynthesis will be run
INFO: [Designutils 20-4379] Flow is switching to default flow due to incremental criteria not met. If you would like to alter this behaviour and have the flow terminate instead, please set the following parameter config_implementation {autoIncr.Synth.RejectBehavior Terminate}
INFO: [Synth 8-11241] undeclared symbol 'REGCCE', assumed default net type 'wire' [C:/Xilinx/Vivado/2022.2/data/verilog/src/unimacro/BRAM_SINGLE_MACRO.v:2170]
---------------------------------------------------------------------------------
Finished Constraint Validation : Time (s): cpu = 00:00:16 ; elapsed = 00:00:17 . Memory (MB): peak = 1354.238 ; gain = 556.688
---------------------------------------------------------------------------------
---------------------------------------------------------------------------------
Start Loading Part and Timing Information
---------------------------------------------------------------------------------
Loading part: xc7a35tcpg236-1
---------------------------------------------------------------------------------
Finished Loading Part and Timing Information : Time (s): cpu = 00:00:16 ; elapsed = 00:00:17 . Memory (MB): peak = 1354.238 ; gain = 556.688
---------------------------------------------------------------------------------
---------------------------------------------------------------------------------
Start Applying 'set_property' XDC Constraints
---------------------------------------------------------------------------------
---------------------------------------------------------------------------------
Finished applying 'set_property' XDC Constraints : Time (s): cpu = 00:00:16 ; elapsed = 00:00:17 . Memory (MB): peak = 1354.238 ; gain = 556.688
---------------------------------------------------------------------------------
---------------------------------------------------------------------------------
Finished RTL Optimization Phase 2 : Time (s): cpu = 00:00:17 ; elapsed = 00:00:17 . Memory (MB): peak = 1354.238 ; gain = 556.688
---------------------------------------------------------------------------------
---------------------------------------------------------------------------------
Start RTL Component Statistics 
---------------------------------------------------------------------------------
Detailed RTL Component Info : 
+---Adders : 
	   2 Input    4 Bit       Adders := 5     
+---Registers : 
	                4 Bit    Registers := 2     
	                1 Bit    Registers := 3     
+---RAMs : 
	               64 Bit	(16 X 4 bit)          RAMs := 1     
+---Muxes : 
	   4 Input    8 Bit        Muxes := 1     
	   4 Input    4 Bit        Muxes := 4     
	   3 Input    4 Bit        Muxes := 3     
	   2 Input    4 Bit        Muxes := 1     
	   2 Input    1 Bit        Muxes := 6     
	   3 Input    1 Bit        Muxes := 2     
	   4 Input    1 Bit        Muxes := 6     
---------------------------------------------------------------------------------
Finished RTL Component Statistics 
---------------------------------------------------------------------------------
---------------------------------------------------------------------------------
Start Part Resource Summary
---------------------------------------------------------------------------------
Part Resources:
DSPs: 90 (col length:60)
BRAMs: 100 (col length: RAMB18 60 RAMB36 30)
---------------------------------------------------------------------------------
Finished Part Resource Summary
---------------------------------------------------------------------------------
---------------------------------------------------------------------------------
Start Cross Boundary and Area Optimization
---------------------------------------------------------------------------------
WARNING: [Synth 8-7080] Parallel synthesis criteria is not met
WARNING: [Synth 8-3917] design stack_synth has port dp driven by constant 1
WARNING: [Synth 8-7129] Port LED[15] in module stack_synth is either unconnected or has no load
WARNING: [Synth 8-7129] Port LED[14] in module stack_synth is either unconnected or has no load
WARNING: [Synth 8-7129] Port LED[13] in module stack_synth is either unconnected or has no load
WARNING: [Synth 8-7129] Port LED[12] in module stack_synth is either unconnected or has no load
WARNING: [Synth 8-7129] Port LED[11] in module stack_synth is either unconnected or has no load
WARNING: [Synth 8-7129] Port LED[10] in module stack_synth is either unconnected or has no load
WARNING: [Synth 8-7129] Port LED[9] in module stack_synth is either unconnected or has no load
WARNING: [Synth 8-7129] Port LED[8] in module stack_synth is either unconnected or has no load
WARNING: [Synth 8-7129] Port LED[7] in module stack_synth is either unconnected or has no load
WARNING: [Synth 8-7129] Port LED[6] in module stack_synth is either unconnected or has no load
WARNING: [Synth 8-7129] Port sw[15] in module stack_synth is either unconnected or has no load
WARNING: [Synth 8-7129] Port sw[14] in module stack_synth is either unconnected or has no load
WARNING: [Synth 8-7129] Port sw[13] in module stack_synth is either unconnected or has no load
WARNING: [Synth 8-7129] Port sw[12] in module stack_synth is either unconnected or has no load
WARNING: [Synth 8-7129] Port sw[11] in module stack_synth is either unconnected or has no load
WARNING: [Synth 8-7129] Port sw[10] in module stack_synth is either unconnected or has no load
WARNING: [Synth 8-7129] Port sw[9] in module stack_synth is either unconnected or has no load
WARNING: [Synth 8-7129] Port sw[8] in module stack_synth is either unconnected or has no load
WARNING: [Synth 8-7129] Port sw[7] in module stack_synth is either unconnected or has no load
WARNING: [Synth 8-7129] Port sw[6] in module stack_synth is either unconnected or has no load
WARNING: [Synth 8-7129] Port sw[5] in module stack_synth is either unconnected or has no load
WARNING: [Synth 8-7129] Port sw[4] in module stack_synth is either unconnected or has no load
---------------------------------------------------------------------------------
Finished Cross Boundary and Area Optimization : Time (s): cpu = 00:00:19 ; elapsed = 00:00:19 . Memory (MB): peak = 1354.238 ; gain = 556.688
---------------------------------------------------------------------------------
---------------------------------------------------------------------------------
Start ROM, RAM, DSP, Shift Register and Retiming Reporting
---------------------------------------------------------------------------------

Distributed RAM: Preliminary Mapping Report (see note below)
+------------+---------------------+-----------+----------------------+-------------+
|Module Name | RTL Object          | Inference | Size (Depth x Width) | Primitives  | 
+------------+---------------------+-----------+----------------------+-------------+
|stack_synth | stack/array_reg_reg | Implied   | 16 x 4               | RAM32M x 1  | 
+------------+---------------------+-----------+----------------------+-------------+

Note: The table above is a preliminary report that shows the Distributed RAMs at the current stage of the synthesis flow. Some Distributed RAMs may be reimplemented as non Distributed RAM primitives later in the synthesis flow. Multiple instantiated RAMs are reported only once.
---------------------------------------------------------------------------------
Finished ROM, RAM, DSP, Shift Register and Retiming Reporting
---------------------------------------------------------------------------------
---------------------------------------------------------------------------------
Start Applying XDC Timing Constraints
---------------------------------------------------------------------------------
---------------------------------------------------------------------------------
Finished Applying XDC Timing Constraints : Time (s): cpu = 00:00:25 ; elapsed = 00:00:25 . Memory (MB): peak = 1354.238 ; gain = 556.688
---------------------------------------------------------------------------------
---------------------------------------------------------------------------------
Start Timing Optimization
---------------------------------------------------------------------------------
---------------------------------------------------------------------------------
Finished Timing Optimization : Time (s): cpu = 00:00:25 ; elapsed = 00:00:26 . Memory (MB): peak = 1354.238 ; gain = 556.688
---------------------------------------------------------------------------------
---------------------------------------------------------------------------------
Start ROM, RAM, DSP, Shift Register and Retiming Reporting
---------------------------------------------------------------------------------

Distributed RAM: Final Mapping Report
+------------+---------------------+-----------+----------------------+-------------+
|Module Name | RTL Object          | Inference | Size (Depth x Width) | Primitives  | 
+------------+---------------------+-----------+----------------------+-------------+
|stack_synth | stack/array_reg_reg | Implied   | 16 x 4               | RAM32M x 1  | 
+------------+---------------------+-----------+----------------------+-------------+

---------------------------------------------------------------------------------
Finished ROM, RAM, DSP, Shift Register and Retiming Reporting
---------------------------------------------------------------------------------
---------------------------------------------------------------------------------
Start Technology Mapping
---------------------------------------------------------------------------------
---------------------------------------------------------------------------------
Finished Technology Mapping : Time (s): cpu = 00:00:25 ; elapsed = 00:00:26 . Memory (MB): peak = 1354.238 ; gain = 556.688
---------------------------------------------------------------------------------
---------------------------------------------------------------------------------
Start IO Insertion
---------------------------------------------------------------------------------
---------------------------------------------------------------------------------
Start Flattening Before IO Insertion
---------------------------------------------------------------------------------
---------------------------------------------------------------------------------
Finished Flattening Before IO Insertion
---------------------------------------------------------------------------------
---------------------------------------------------------------------------------
Start Final Netlist Cleanup
---------------------------------------------------------------------------------
---------------------------------------------------------------------------------
Finished Final Netlist Cleanup
---------------------------------------------------------------------------------
---------------------------------------------------------------------------------
Finished IO Insertion : Time (s): cpu = 00:00:30 ; elapsed = 00:00:31 . Memory (MB): peak = 1354.238 ; gain = 556.688
---------------------------------------------------------------------------------
---------------------------------------------------------------------------------
Start Renaming Generated Instances
---------------------------------------------------------------------------------
---------------------------------------------------------------------------------
Finished Renaming Generated Instances : Time (s): cpu = 00:00:30 ; elapsed = 00:00:31 . Memory (MB): peak = 1354.238 ; gain = 556.688
---------------------------------------------------------------------------------
---------------------------------------------------------------------------------
Start Rebuilding User Hierarchy
---------------------------------------------------------------------------------
---------------------------------------------------------------------------------
Finished Rebuilding User Hierarchy : Time (s): cpu = 00:00:30 ; elapsed = 00:00:31 . Memory (MB): peak = 1354.238 ; gain = 556.688
---------------------------------------------------------------------------------
---------------------------------------------------------------------------------
Start Renaming Generated Ports
---------------------------------------------------------------------------------
---------------------------------------------------------------------------------
Finished Renaming Generated Ports : Time (s): cpu = 00:00:30 ; elapsed = 00:00:31 . Memory (MB): peak = 1354.238 ; gain = 556.688
---------------------------------------------------------------------------------
---------------------------------------------------------------------------------
Start Handling Custom Attributes
---------------------------------------------------------------------------------
---------------------------------------------------------------------------------
Finished Handling Custom Attributes : Time (s): cpu = 00:00:30 ; elapsed = 00:00:31 . Memory (MB): peak = 1354.238 ; gain = 556.688
---------------------------------------------------------------------------------
---------------------------------------------------------------------------------
Start Renaming Generated Nets
---------------------------------------------------------------------------------
---------------------------------------------------------------------------------
Finished Renaming Generated Nets : Time (s): cpu = 00:00:30 ; elapsed = 00:00:31 . Memory (MB): peak = 1354.238 ; gain = 556.688
---------------------------------------------------------------------------------
---------------------------------------------------------------------------------
Start Writing Synthesis Report
---------------------------------------------------------------------------------

Report BlackBoxes: 
+-+--------------+----------+
| |BlackBox name |Instances |
+-+--------------+----------+
+-+--------------+----------+

Report Cell Usage: 
+------+-------+------+
|      |Cell   |Count |
+------+-------+------+
|1     |BUFG   |     1|
|2     |CARRY4 |    13|
|3     |LUT1   |     2|
|4     |LUT2   |     8|
|5     |LUT3   |     6|
|6     |LUT4   |     7|
|7     |LUT5   |    12|
|8     |LUT6   |    51|
|9     |RAM32M |     1|
|10    |FDCE   |    64|
|11    |FDPE   |     1|
|12    |IBUF   |     8|
|13    |OBUF   |    18|
|14    |OBUFT  |    10|
+------+-------+------+
---------------------------------------------------------------------------------
Finished Writing Synthesis Report : Time (s): cpu = 00:00:30 ; elapsed = 00:00:31 . Memory (MB): peak = 1354.238 ; gain = 556.688
---------------------------------------------------------------------------------
Synthesis finished with 0 errors, 0 critical warnings and 24 warnings.
Synthesis Optimization Runtime : Time (s): cpu = 00:00:20 ; elapsed = 00:00:29 . Memory (MB): peak = 1354.238 ; gain = 498.898
Synthesis Optimization Complete : Time (s): cpu = 00:00:30 ; elapsed = 00:00:31 . Memory (MB): peak = 1354.238 ; gain = 556.688
INFO: [Project 1-571] Translating synthesized netlist
Netlist sorting complete. Time (s): cpu = 00:00:00 ; elapsed = 00:00:00.002 . Memory (MB): peak = 1354.238 ; gain = 0.000
INFO: [Netlist 29-17] Analyzing 14 Unisim elements for replacement
INFO: [Netlist 29-28] Unisim Transformation completed in 0 CPU seconds
INFO: [Project 1-570] Preparing netlist for logic optimization
INFO: [Opt 31-138] Pushed 0 inverter(s) to 0 load pin(s).
Netlist sorting complete. Time (s): cpu = 00:00:00 ; elapsed = 00:00:00 . Memory (MB): peak = 1354.238 ; gain = 0.000
INFO: [Project 1-111] Unisim Transformation Summary:
  A total of 1 instances were transformed.
  RAM32M => RAM32M (RAMD32(x6), RAMS32(x2)): 1 instance 

Synth Design complete, checksum: 4f2f72bc
INFO: [Common 17-83] Releasing license: Synthesis
36 Infos, 54 Warnings, 4 Critical Warnings and 0 Errors encountered.
synth_design completed successfully
synth_design: Time (s): cpu = 00:00:34 ; elapsed = 00:00:36 . Memory (MB): peak = 1354.238 ; gain = 934.953
INFO: [runtcl-6] Synthesis results are not added to the cache due to CRITICAL_WARNING
INFO: [Common 17-1381] The checkpoint 'C:/Projects/FPGA-Intro/FPGA_Prototyping_CH4/FPGA_Prototyping_CH4.runs/synth_1/stack_synth.dcp' has been generated.
INFO: [runtcl-4] Executing : report_utilization -file stack_synth_utilization_synth.rpt -pb stack_synth_utilization_synth.pb
INFO: [Common 17-206] Exiting Vivado at Mon Dec 12 13:46:29 2022...
