Copyright 1986-2022 Xilinx, Inc. All Rights Reserved.
---------------------------------------------------------------------------------------------------------------------------
| Tool Version : Vivado v.2022.2 (win64) Build 3671981 Fri Oct 14 05:00:03 MDT 2022
| Date         : Mon Dec 12 13:47:33 2022
| Host         : DESKTOP-SA1D2UB running 64-bit major release  (build 9200)
| Command      : report_drc -file stack_synth_drc_routed.rpt -pb stack_synth_drc_routed.pb -rpx stack_synth_drc_routed.rpx
| Design       : stack_synth
| Device       : xc7a35tcpg236-1
| Speed File   : -1
| Design State : Fully Routed
---------------------------------------------------------------------------------------------------------------------------

Report DRC

Table of Contents
-----------------
1. REPORT SUMMARY
2. REPORT DETAILS

1. REPORT SUMMARY
-----------------
            Netlist: netlist
          Floorplan: design_1
      Design limits: <entire design considered>
           Ruledeck: default
             Max violations: <unlimited>
             Violations found: 3
+-------------+----------+-------------------------------------------------------------+------------+
| Rule        | Severity | Description                                                 | Violations |
+-------------+----------+-------------------------------------------------------------+------------+
| CFGBVS-1    | Warning  | Missing CFGBVS and CONFIG_VOLTAGE Design Properties         | 1          |
| PDRC-153    | Warning  | Gated clock check                                           | 1          |
| PLHOLDVIO-2 | Warning  | Non-Optimal connections which could lead to hold violations | 1          |
+-------------+----------+-------------------------------------------------------------+------------+

2. REPORT DETAILS
-----------------
CFGBVS-1#1 Warning
Missing CFGBVS and CONFIG_VOLTAGE Design Properties  
Neither the CFGBVS nor CONFIG_VOLTAGE voltage property is set in the current_design.  Configuration bank voltage select (CFGBVS) must be set to VCCO or GND, and CONFIG_VOLTAGE must be set to the correct configuration voltage, in order to determine the I/O voltage support for the pins in bank 0.  It is suggested to specify these either using the 'Edit Device Properties' function in the GUI or directly in the XDC file using the following syntax:

 set_property CFGBVS value1 [current_design]
 #where value1 is either VCCO or GND

 set_property CONFIG_VOLTAGE value2 [current_design]
 #where value2 is the voltage provided to configuration bank 0

Refer to the device configuration user guide for more information.
Related violations: <none>

PDRC-153#1 Warning
Gated clock check  
Net clock/tick is a gated clock net sourced by a combinational pin clock/push_ptr_reg[3]_i_3/O, cell clock/push_ptr_reg[3]_i_3. This is not good design practice and will likely impact performance. For SLICE registers, for example, use the CE pin to control the loading of data.
Related violations: <none>

PLHOLDVIO-2#1 Warning
Non-Optimal connections which could lead to hold violations  
A LUT clock/push_ptr_reg[3]_i_3 is driving clock pin of 18 cells. This could lead to large hold time violations. Involved cells are:
stack/array_reg_reg_0_15_0_3/RAMA (in stack/array_reg_reg_0_15_0_3 macro),
stack/array_reg_reg_0_15_0_3/RAMA_D1 (in stack/array_reg_reg_0_15_0_3 macro),
stack/array_reg_reg_0_15_0_3/RAMB (in stack/array_reg_reg_0_15_0_3 macro),
stack/array_reg_reg_0_15_0_3/RAMB_D1 (in stack/array_reg_reg_0_15_0_3 macro),
stack/array_reg_reg_0_15_0_3/RAMC (in stack/array_reg_reg_0_15_0_3 macro),
stack/array_reg_reg_0_15_0_3/RAMC_D1 (in stack/array_reg_reg_0_15_0_3 macro),
stack/array_reg_reg_0_15_0_3/RAMD (in stack/array_reg_reg_0_15_0_3 macro),
stack/array_reg_reg_0_15_0_3/RAMD_D1 (in stack/array_reg_reg_0_15_0_3 macro),
stack/empty_reg_reg, stack/full_reg_reg, stack/pop_ptr_reg_reg[0],
stack/pop_ptr_reg_reg[1], stack/pop_ptr_reg_reg[2],
stack/pop_ptr_reg_reg[3], stack/push_ptr_reg_reg[0]
 (the first 15 of 18 listed)
Related violations: <none>


