INFO: [VRFC 10-2263] Analyzing Verilog file "C:/Projects/FPGA-Intro/PS2_keyboard_mouse/PS2_keyboard_mouse.srcs/sources_1/imports/new/FIFO.v" into library xil_defaultlib
INFO: [VRFC 10-311] analyzing module FIFO
WARNING: [VRFC 10-3380] identifier 'B' is used before its declaration [C:/Projects/FPGA-Intro/PS2_keyboard_mouse/PS2_keyboard_mouse.srcs/sources_1/imports/new/FIFO.v:26]
WARNING: [VRFC 10-3380] identifier 'B' is used before its declaration [C:/Projects/FPGA-Intro/PS2_keyboard_mouse/PS2_keyboard_mouse.srcs/sources_1/imports/new/FIFO.v:28]
INFO: [VRFC 10-2263] Analyzing Verilog file "C:/Projects/FPGA-Intro/PS2_keyboard_mouse/PS2_keyboard_mouse.srcs/sources_1/imports/new/baud_rate_generator.v" into library xil_defaultlib
INFO: [VRFC 10-311] analyzing module baud_rate_generator
WARNING: [VRFC 10-3380] identifier 'N' is used before its declaration [C:/Projects/FPGA-Intro/PS2_keyboard_mouse/PS2_keyboard_mouse.srcs/sources_1/imports/new/baud_rate_generator.v:25]
INFO: [VRFC 10-2263] Analyzing Verilog file "C:/Projects/FPGA-Intro/PS2_keyboard_mouse/PS2_keyboard_mouse.srcs/sources_1/new/kb_code_shift.v" into library xil_defaultlib
INFO: [VRFC 10-311] analyzing module kb_code_shift
WARNING: [VRFC 10-8956] extra semicolon is not allowed here in this dialect; use SystemVerilog mode instead [C:/Projects/FPGA-Intro/PS2_keyboard_mouse/PS2_keyboard_mouse.srcs/sources_1/new/kb_code_shift.v:69]
INFO: [VRFC 10-2263] Analyzing Verilog file "C:/Projects/FPGA-Intro/PS2_keyboard_mouse/PS2_keyboard_mouse.srcs/sources_1/new/key_to_ascii_shift.v" into library xil_defaultlib
INFO: [VRFC 10-311] analyzing module key_to_ascii_shift
INFO: [VRFC 10-2263] Analyzing Verilog file "C:/Projects/FPGA-Intro/PS2_keyboard_mouse/PS2_keyboard_mouse.srcs/sources_1/new/ps2_rx_watchdog.v" into library xil_defaultlib
INFO: [VRFC 10-311] analyzing module ps2_rx_watchdog
INFO: [VRFC 10-2263] Analyzing Verilog file "C:/Projects/FPGA-Intro/PS2_keyboard_mouse/PS2_keyboard_mouse.srcs/sources_1/imports/new/uart.v" into library xil_defaultlib
INFO: [VRFC 10-311] analyzing module uart
INFO: [VRFC 10-2263] Analyzing Verilog file "C:/Projects/FPGA-Intro/PS2_keyboard_mouse/PS2_keyboard_mouse.srcs/sources_1/imports/new/uart_rx.v" into library xil_defaultlib
INFO: [VRFC 10-311] analyzing module uart_rx
WARNING: [VRFC 10-3380] identifier 'DBIT' is used before its declaration [C:/Projects/FPGA-Intro/PS2_keyboard_mouse/PS2_keyboard_mouse.srcs/sources_1/imports/new/uart_rx.v:28]
INFO: [VRFC 10-2263] Analyzing Verilog file "C:/Projects/FPGA-Intro/PS2_keyboard_mouse/PS2_keyboard_mouse.srcs/sources_1/imports/new/uart_tx.v" into library xil_defaultlib
INFO: [VRFC 10-311] analyzing module uart_tx
WARNING: [VRFC 10-3380] identifier 'DBIT' is used before its declaration [C:/Projects/FPGA-Intro/PS2_keyboard_mouse/PS2_keyboard_mouse.srcs/sources_1/imports/new/uart_tx.v:27]
INFO: [VRFC 10-2263] Analyzing Verilog file "C:/Projects/FPGA-Intro/PS2_keyboard_mouse/PS2_keyboard_mouse.srcs/sim_1/new/ps2_rx_watchdog_test.v" into library xil_defaultlib
INFO: [VRFC 10-311] analyzing module ps2_rx_watchdog_test
