
*** Running vivado
    with args -log debounce_synth.vds -m64 -product Vivado -mode batch -messageDb vivado.pb -notrace -source debounce_synth.tcl



****** Vivado v2022.2 (64-bit)
  **** SW Build 3671981 on Fri Oct 14 05:00:03 MDT 2022
  **** IP Build 3669848 on Fri Oct 14 08:30:02 MDT 2022
    ** Copyright 1986-2022 Xilinx, Inc. All Rights Reserved.

source debounce_synth.tcl -notrace
create_project: Time (s): cpu = 00:00:04 ; elapsed = 00:00:05 . Memory (MB): peak = 395.098 ; gain = 61.246
Command: read_checkpoint -auto_incremental -incremental C:/Projects/FPGA-Intro/FPGA_Prototyping_CH5/FPGA_Prototyping_CH5.srcs/utils_1/imports/synth_1/dual_edge_detector_synth.dcp
INFO: [Vivado 12-5825] Read reference checkpoint from C:/Projects/FPGA-Intro/FPGA_Prototyping_CH5/FPGA_Prototyping_CH5.srcs/utils_1/imports/synth_1/dual_edge_detector_synth.dcp for incremental synthesis
INFO: [Vivado 12-7989] Please ensure there are no constraint changes
Command: synth_design -top debounce_synth -part xc7a35tcpg236-1
Starting synth_design
Attempting to get a license for feature 'Synthesis' and/or device 'xc7a35t'
INFO: [Common 17-349] Got license for feature 'Synthesis' and/or device 'xc7a35t'
INFO: [Device 21-403] Loading part xc7a35tcpg236-1
INFO: [Synth 8-7079] Multithreading enabled for synth_design using a maximum of 2 processes.
INFO: [Synth 8-7078] Launching helper process for spawning children vivado processes
INFO: [Synth 8-7075] Helper process launched with PID 13696
INFO: [Synth 8-11241] undeclared symbol 'REGCCE', assumed default net type 'wire' [C:/Xilinx/Vivado/2022.2/data/verilog/src/unimacro/BRAM_SINGLE_MACRO.v:2170]
---------------------------------------------------------------------------------
Starting RTL Elaboration : Time (s): cpu = 00:00:06 ; elapsed = 00:00:06 . Memory (MB): peak = 1203.188 ; gain = 407.223
---------------------------------------------------------------------------------
INFO: [Synth 8-6157] synthesizing module 'debounce_synth' [C:/Projects/FPGA-Intro/FPGA_Prototyping_CH5/FPGA_Prototyping_CH5.srcs/sources_1/new/debounce_synth.v:23]
INFO: [Synth 8-6157] synthesizing module 'debounce' [C:/Projects/FPGA-Intro/FPGA_Prototyping_CH5/FPGA_Prototyping_CH5.srcs/sources_1/new/debounce.v:23]
INFO: [Synth 8-6157] synthesizing module 'clock_divider' [C:/Projects/FPGA-Intro/FPGA_Prototyping_CH5/FPGA_Prototyping_CH5.srcs/sources_1/imports/new/clock_divider.v:23]
	Parameter DVSR bound to: 2000000 - type: integer 
INFO: [Synth 8-6155] done synthesizing module 'clock_divider' (0#1) [C:/Projects/FPGA-Intro/FPGA_Prototyping_CH5/FPGA_Prototyping_CH5.srcs/sources_1/imports/new/clock_divider.v:23]
INFO: [Synth 8-6155] done synthesizing module 'debounce' (0#1) [C:/Projects/FPGA-Intro/FPGA_Prototyping_CH5/FPGA_Prototyping_CH5.srcs/sources_1/new/debounce.v:23]
INFO: [Synth 8-6157] synthesizing module 'rising_edge_detector_mealy' [C:/Projects/FPGA-Intro/FPGA_Prototyping_CH5/FPGA_Prototyping_CH5.srcs/sources_1/new/rising_edge_detector_mealy.v:23]
INFO: [Synth 8-155] case statement is not full and has no default [C:/Projects/FPGA-Intro/FPGA_Prototyping_CH5/FPGA_Prototyping_CH5.srcs/sources_1/new/rising_edge_detector_mealy.v:47]
INFO: [Synth 8-6155] done synthesizing module 'rising_edge_detector_mealy' (0#1) [C:/Projects/FPGA-Intro/FPGA_Prototyping_CH5/FPGA_Prototyping_CH5.srcs/sources_1/new/rising_edge_detector_mealy.v:23]
INFO: [Synth 8-6157] synthesizing module 'counter_8b' [C:/Projects/FPGA-Intro/FPGA_Prototyping_CH5/FPGA_Prototyping_CH5.srcs/sources_1/new/counter_8b.v:23]
INFO: [Synth 8-6155] done synthesizing module 'counter_8b' (0#1) [C:/Projects/FPGA-Intro/FPGA_Prototyping_CH5/FPGA_Prototyping_CH5.srcs/sources_1/new/counter_8b.v:23]
INFO: [Synth 8-6157] synthesizing module 'seven_seg_mux' [C:/Projects/FPGA-Intro/FPGA_Prototyping_CH5/FPGA_Prototyping_CH5.srcs/sources_1/imports/FPGA-Intro/Synthesized_Starter_Code/Synthesized_Starter_Code.srcs/sources_1/new/seven_seg_mux.v:23]
INFO: [Synth 8-6157] synthesizing module 'pwm_4b' [C:/Projects/FPGA-Intro/FPGA_Prototyping_CH5/FPGA_Prototyping_CH5.srcs/sources_1/imports/new/pwm_4b.v:23]
INFO: [Synth 8-6155] done synthesizing module 'pwm_4b' (0#1) [C:/Projects/FPGA-Intro/FPGA_Prototyping_CH5/FPGA_Prototyping_CH5.srcs/sources_1/imports/new/pwm_4b.v:23]
INFO: [Synth 8-6157] synthesizing module 'seven_seg' [C:/Projects/FPGA-Intro/FPGA_Prototyping_CH5/FPGA_Prototyping_CH5.srcs/sources_1/imports/FPGA-Intro/FPGA_Prototyping_CH3/FPGA_Prototyping_CH3.srcs/sources_1/imports/FPGA-Intro/FPGA_Prototyping_Exercises/FPGA_Prototyping_Exercises.sim/seven_seg.v:26]
INFO: [Synth 8-6155] done synthesizing module 'seven_seg' (0#1) [C:/Projects/FPGA-Intro/FPGA_Prototyping_CH5/FPGA_Prototyping_CH5.srcs/sources_1/imports/FPGA-Intro/FPGA_Prototyping_CH3/FPGA_Prototyping_CH3.srcs/sources_1/imports/FPGA-Intro/FPGA_Prototyping_Exercises/FPGA_Prototyping_Exercises.sim/seven_seg.v:26]
INFO: [Synth 8-6155] done synthesizing module 'seven_seg_mux' (0#1) [C:/Projects/FPGA-Intro/FPGA_Prototyping_CH5/FPGA_Prototyping_CH5.srcs/sources_1/imports/FPGA-Intro/Synthesized_Starter_Code/Synthesized_Starter_Code.srcs/sources_1/new/seven_seg_mux.v:23]
INFO: [Synth 8-6155] done synthesizing module 'debounce_synth' (0#1) [C:/Projects/FPGA-Intro/FPGA_Prototyping_CH5/FPGA_Prototyping_CH5.srcs/sources_1/new/debounce_synth.v:23]
WARNING: [Synth 8-7137] Register count_reg_reg in module pwm_4b has both Set and reset with same priority. This may cause simulation mismatches. Consider rewriting code  [C:/Projects/FPGA-Intro/FPGA_Prototyping_CH5/FPGA_Prototyping_CH5.srcs/sources_1/imports/new/pwm_4b.v:41]
WARNING: [Synth 8-7137] Register pwm_reg_reg in module pwm_4b has both Set and reset with same priority. This may cause simulation mismatches. Consider rewriting code  [C:/Projects/FPGA-Intro/FPGA_Prototyping_CH5/FPGA_Prototyping_CH5.srcs/sources_1/imports/new/pwm_4b.v:42]
WARNING: [Synth 8-3848] Net LED in module/entity debounce_synth does not have driver. [C:/Projects/FPGA-Intro/FPGA_Prototyping_CH5/FPGA_Prototyping_CH5.srcs/sources_1/new/debounce_synth.v:27]
WARNING: [Synth 8-7129] Port LED[15] in module debounce_synth is either unconnected or has no load
WARNING: [Synth 8-7129] Port LED[14] in module debounce_synth is either unconnected or has no load
WARNING: [Synth 8-7129] Port LED[13] in module debounce_synth is either unconnected or has no load
WARNING: [Synth 8-7129] Port LED[12] in module debounce_synth is either unconnected or has no load
WARNING: [Synth 8-7129] Port LED[11] in module debounce_synth is either unconnected or has no load
WARNING: [Synth 8-7129] Port LED[10] in module debounce_synth is either unconnected or has no load
WARNING: [Synth 8-7129] Port LED[9] in module debounce_synth is either unconnected or has no load
WARNING: [Synth 8-7129] Port LED[8] in module debounce_synth is either unconnected or has no load
WARNING: [Synth 8-7129] Port LED[7] in module debounce_synth is either unconnected or has no load
WARNING: [Synth 8-7129] Port LED[6] in module debounce_synth is either unconnected or has no load
WARNING: [Synth 8-7129] Port LED[5] in module debounce_synth is either unconnected or has no load
WARNING: [Synth 8-7129] Port LED[4] in module debounce_synth is either unconnected or has no load
WARNING: [Synth 8-7129] Port LED[3] in module debounce_synth is either unconnected or has no load
WARNING: [Synth 8-7129] Port LED[2] in module debounce_synth is either unconnected or has no load
WARNING: [Synth 8-7129] Port LED[1] in module debounce_synth is either unconnected or has no load
WARNING: [Synth 8-7129] Port LED[0] in module debounce_synth is either unconnected or has no load
WARNING: [Synth 8-7129] Port sw[15] in module debounce_synth is either unconnected or has no load
WARNING: [Synth 8-7129] Port sw[14] in module debounce_synth is either unconnected or has no load
WARNING: [Synth 8-7129] Port sw[13] in module debounce_synth is either unconnected or has no load
WARNING: [Synth 8-7129] Port sw[12] in module debounce_synth is either unconnected or has no load
WARNING: [Synth 8-7129] Port sw[11] in module debounce_synth is either unconnected or has no load
WARNING: [Synth 8-7129] Port sw[10] in module debounce_synth is either unconnected or has no load
WARNING: [Synth 8-7129] Port sw[9] in module debounce_synth is either unconnected or has no load
WARNING: [Synth 8-7129] Port sw[8] in module debounce_synth is either unconnected or has no load
WARNING: [Synth 8-7129] Port sw[7] in module debounce_synth is either unconnected or has no load
WARNING: [Synth 8-7129] Port sw[6] in module debounce_synth is either unconnected or has no load
WARNING: [Synth 8-7129] Port sw[5] in module debounce_synth is either unconnected or has no load
WARNING: [Synth 8-7129] Port sw[4] in module debounce_synth is either unconnected or has no load
WARNING: [Synth 8-7129] Port sw[3] in module debounce_synth is either unconnected or has no load
WARNING: [Synth 8-7129] Port sw[2] in module debounce_synth is either unconnected or has no load
WARNING: [Synth 8-7129] Port sw[1] in module debounce_synth is either unconnected or has no load
WARNING: [Synth 8-7129] Port sw[0] in module debounce_synth is either unconnected or has no load
---------------------------------------------------------------------------------
Finished RTL Elaboration : Time (s): cpu = 00:00:08 ; elapsed = 00:00:09 . Memory (MB): peak = 1293.750 ; gain = 497.785
---------------------------------------------------------------------------------
---------------------------------------------------------------------------------
Start Handling Custom Attributes
---------------------------------------------------------------------------------
---------------------------------------------------------------------------------
Finished Handling Custom Attributes : Time (s): cpu = 00:00:08 ; elapsed = 00:00:09 . Memory (MB): peak = 1293.750 ; gain = 497.785
---------------------------------------------------------------------------------
---------------------------------------------------------------------------------
Finished RTL Optimization Phase 1 : Time (s): cpu = 00:00:08 ; elapsed = 00:00:09 . Memory (MB): peak = 1293.750 ; gain = 497.785
---------------------------------------------------------------------------------
Netlist sorting complete. Time (s): cpu = 00:00:00 ; elapsed = 00:00:00.003 . Memory (MB): peak = 1293.750 ; gain = 0.000
INFO: [Project 1-570] Preparing netlist for logic optimization

Processing XDC Constraints
Initializing timing engine
Parsing XDC File [C:/Projects/FPGA-Intro/FPGA_Prototyping_CH5/FPGA_Prototyping_CH5.srcs/constrs_1/imports/new/Basys3_Master.xdc]
WARNING: [Vivado 12-584] No ports matched 'btnU'. [C:/Projects/FPGA-Intro/FPGA_Prototyping_CH5/FPGA_Prototyping_CH5.srcs/constrs_1/imports/new/Basys3_Master.xdc:113]
CRITICAL WARNING: [Common 17-55] 'set_property' expects at least one object. [C:/Projects/FPGA-Intro/FPGA_Prototyping_CH5/FPGA_Prototyping_CH5.srcs/constrs_1/imports/new/Basys3_Master.xdc:113]
Resolution: If [get_<value>] was used to populate the object, check to make sure this command returns at least one valid object.
WARNING: [Vivado 12-584] No ports matched 'btnU'. [C:/Projects/FPGA-Intro/FPGA_Prototyping_CH5/FPGA_Prototyping_CH5.srcs/constrs_1/imports/new/Basys3_Master.xdc:114]
CRITICAL WARNING: [Common 17-55] 'set_property' expects at least one object. [C:/Projects/FPGA-Intro/FPGA_Prototyping_CH5/FPGA_Prototyping_CH5.srcs/constrs_1/imports/new/Basys3_Master.xdc:114]
Resolution: If [get_<value>] was used to populate the object, check to make sure this command returns at least one valid object.
WARNING: [Vivado 12-584] No ports matched 'btnL'. [C:/Projects/FPGA-Intro/FPGA_Prototyping_CH5/FPGA_Prototyping_CH5.srcs/constrs_1/imports/new/Basys3_Master.xdc:115]
CRITICAL WARNING: [Common 17-55] 'set_property' expects at least one object. [C:/Projects/FPGA-Intro/FPGA_Prototyping_CH5/FPGA_Prototyping_CH5.srcs/constrs_1/imports/new/Basys3_Master.xdc:115]
Resolution: If [get_<value>] was used to populate the object, check to make sure this command returns at least one valid object.
WARNING: [Vivado 12-584] No ports matched 'btnL'. [C:/Projects/FPGA-Intro/FPGA_Prototyping_CH5/FPGA_Prototyping_CH5.srcs/constrs_1/imports/new/Basys3_Master.xdc:116]
CRITICAL WARNING: [Common 17-55] 'set_property' expects at least one object. [C:/Projects/FPGA-Intro/FPGA_Prototyping_CH5/FPGA_Prototyping_CH5.srcs/constrs_1/imports/new/Basys3_Master.xdc:116]
Resolution: If [get_<value>] was used to populate the object, check to make sure this command returns at least one valid object.
WARNING: [Vivado 12-584] No ports matched 'btnD'. [C:/Projects/FPGA-Intro/FPGA_Prototyping_CH5/FPGA_Prototyping_CH5.srcs/constrs_1/imports/new/Basys3_Master.xdc:119]
CRITICAL WARNING: [Common 17-55] 'set_property' expects at least one object. [C:/Projects/FPGA-Intro/FPGA_Prototyping_CH5/FPGA_Prototyping_CH5.srcs/constrs_1/imports/new/Basys3_Master.xdc:119]
Resolution: If [get_<value>] was used to populate the object, check to make sure this command returns at least one valid object.
WARNING: [Vivado 12-584] No ports matched 'btnD'. [C:/Projects/FPGA-Intro/FPGA_Prototyping_CH5/FPGA_Prototyping_CH5.srcs/constrs_1/imports/new/Basys3_Master.xdc:120]
CRITICAL WARNING: [Common 17-55] 'set_property' expects at least one object. [C:/Projects/FPGA-Intro/FPGA_Prototyping_CH5/FPGA_Prototyping_CH5.srcs/constrs_1/imports/new/Basys3_Master.xdc:120]
Resolution: If [get_<value>] was used to populate the object, check to make sure this command returns at least one valid object.
Finished Parsing XDC File [C:/Projects/FPGA-Intro/FPGA_Prototyping_CH5/FPGA_Prototyping_CH5.srcs/constrs_1/imports/new/Basys3_Master.xdc]
INFO: [Project 1-236] Implementation specific constraints were found while reading constraint file [C:/Projects/FPGA-Intro/FPGA_Prototyping_CH5/FPGA_Prototyping_CH5.srcs/constrs_1/imports/new/Basys3_Master.xdc]. These constraints will be ignored for synthesis but will be used in implementation. Impacted constraints are listed in the file [.Xil/debounce_synth_propImpl.xdc].
Resolution: To avoid this warning, move constraints listed in [.Xil/debounce_synth_propImpl.xdc] to another XDC file and exclude this new file from synthesis with the used_in_synthesis property (File Properties dialog in GUI) and re-run elaboration/synthesis.
Completed Processing XDC Constraints

Netlist sorting complete. Time (s): cpu = 00:00:00 ; elapsed = 00:00:00 . Memory (MB): peak = 1395.840 ; gain = 0.000
INFO: [Project 1-111] Unisim Transformation Summary:
No Unisim elements were transformed.

Constraint Validation Runtime : Time (s): cpu = 00:00:00 ; elapsed = 00:00:00.003 . Memory (MB): peak = 1395.840 ; gain = 0.000
INFO: [Synth 8-11241] undeclared symbol 'REGCCE', assumed default net type 'wire' [C:/Xilinx/Vivado/2022.2/data/verilog/src/unimacro/BRAM_SINGLE_MACRO.v:2170]
---------------------------------------------------------------------------------
Finished Constraint Validation : Time (s): cpu = 00:00:17 ; elapsed = 00:00:18 . Memory (MB): peak = 1395.840 ; gain = 599.875
---------------------------------------------------------------------------------
---------------------------------------------------------------------------------
Start Loading Part and Timing Information
---------------------------------------------------------------------------------
Loading part: xc7a35tcpg236-1
---------------------------------------------------------------------------------
Finished Loading Part and Timing Information : Time (s): cpu = 00:00:17 ; elapsed = 00:00:18 . Memory (MB): peak = 1395.840 ; gain = 599.875
---------------------------------------------------------------------------------
---------------------------------------------------------------------------------
Start Applying 'set_property' XDC Constraints
---------------------------------------------------------------------------------
---------------------------------------------------------------------------------
Finished applying 'set_property' XDC Constraints : Time (s): cpu = 00:00:17 ; elapsed = 00:00:18 . Memory (MB): peak = 1395.840 ; gain = 599.875
---------------------------------------------------------------------------------
---------------------------------------------------------------------------------
Start Preparing Guide Design
---------------------------------------------------------------------------------
CRITICAL WARNING: [Synth 8-6895] The reference checkpoint C:/Projects/FPGA-Intro/FPGA_Prototyping_CH5/FPGA_Prototyping_CH5.srcs/utils_1/imports/synth_1/dual_edge_detector_synth.dcp is not suitable for use with incremental synthesis for this design. Please regenerate the checkpoint for this design with -incremental_synth switch in the same Vivado session that synth_design has been run. Synthesis will continue with the default flow
---------------------------------------------------------------------------------
Finished Doing Graph Differ : Time (s): cpu = 00:00:17 ; elapsed = 00:00:18 . Memory (MB): peak = 1395.840 ; gain = 599.875
---------------------------------------------------------------------------------
---------------------------------------------------------------------------------
Finished Preparing Guide Design : Time (s): cpu = 00:00:17 ; elapsed = 00:00:18 . Memory (MB): peak = 1395.840 ; gain = 599.875
---------------------------------------------------------------------------------
INFO: [Synth 8-802] inferred FSM for state register 'state_reg_reg' in module 'debounce'
INFO: [Synth 8-802] inferred FSM for state register 'state_reg_reg' in module 'rising_edge_detector_mealy'
---------------------------------------------------------------------------------------------------
                   State |                     New Encoding |                Previous Encoding 
---------------------------------------------------------------------------------------------------
                    zero |                               00 |                               00
                hold_one |                               01 |                               01
                     one |                               10 |                               10
               hold_zero |                               11 |                               11
---------------------------------------------------------------------------------------------------
INFO: [Synth 8-3354] encoded FSM with state register 'state_reg_reg' using encoding 'sequential' in module 'debounce'
---------------------------------------------------------------------------------------------------
                   State |                     New Encoding |                Previous Encoding 
---------------------------------------------------------------------------------------------------
                    zero |                               00 |                               00
                     one |                               01 |                               01
                  iSTATE |                               10 |                               11
---------------------------------------------------------------------------------------------------
INFO: [Synth 8-3354] encoded FSM with state register 'state_reg_reg' using encoding 'sequential' in module 'rising_edge_detector_mealy'
---------------------------------------------------------------------------------
Finished RTL Optimization Phase 2 : Time (s): cpu = 00:00:17 ; elapsed = 00:00:18 . Memory (MB): peak = 1395.840 ; gain = 599.875
---------------------------------------------------------------------------------


Incremental Synthesis Report Summary:

1. Incremental synthesis run: no

   Reason for not running incremental synthesis : 


INFO: [Synth 8-7130] Flow is switching to default flow due to incremental criteria not met. If you would like to alter this behaviour and have the flow terminate instead, please set the following parameter config_implementation {autoIncr.Synth.RejectBehavior Terminate}
---------------------------------------------------------------------------------
Start RTL Component Statistics 
---------------------------------------------------------------------------------
Detailed RTL Component Info : 
+---Adders : 
	   2 Input    8 Bit       Adders := 2     
	   2 Input    4 Bit       Adders := 1     
+---Registers : 
	                8 Bit    Registers := 2     
	                4 Bit    Registers := 1     
	                1 Bit    Registers := 1     
+---Muxes : 
	   4 Input    8 Bit        Muxes := 1     
	   2 Input    4 Bit        Muxes := 1     
	   4 Input    4 Bit        Muxes := 1     
	   4 Input    2 Bit        Muxes := 1     
	   2 Input    2 Bit        Muxes := 8     
	   2 Input    1 Bit        Muxes := 4     
	   4 Input    1 Bit        Muxes := 1     
	   3 Input    1 Bit        Muxes := 4     
---------------------------------------------------------------------------------
Finished RTL Component Statistics 
---------------------------------------------------------------------------------
---------------------------------------------------------------------------------
Start Part Resource Summary
---------------------------------------------------------------------------------
Part Resources:
DSPs: 90 (col length:60)
BRAMs: 100 (col length: RAMB18 60 RAMB36 30)
---------------------------------------------------------------------------------
Finished Part Resource Summary
---------------------------------------------------------------------------------
---------------------------------------------------------------------------------
Start Cross Boundary and Area Optimization
---------------------------------------------------------------------------------
WARNING: [Synth 8-7080] Parallel synthesis criteria is not met
WARNING: [Synth 8-3917] design debounce_synth has port dp driven by constant 1
WARNING: [Synth 8-7129] Port LED[15] in module debounce_synth is either unconnected or has no load
WARNING: [Synth 8-7129] Port LED[14] in module debounce_synth is either unconnected or has no load
WARNING: [Synth 8-7129] Port LED[13] in module debounce_synth is either unconnected or has no load
WARNING: [Synth 8-7129] Port LED[12] in module debounce_synth is either unconnected or has no load
WARNING: [Synth 8-7129] Port LED[11] in module debounce_synth is either unconnected or has no load
WARNING: [Synth 8-7129] Port LED[10] in module debounce_synth is either unconnected or has no load
WARNING: [Synth 8-7129] Port LED[9] in module debounce_synth is either unconnected or has no load
WARNING: [Synth 8-7129] Port LED[8] in module debounce_synth is either unconnected or has no load
WARNING: [Synth 8-7129] Port LED[7] in module debounce_synth is either unconnected or has no load
WARNING: [Synth 8-7129] Port LED[6] in module debounce_synth is either unconnected or has no load
WARNING: [Synth 8-7129] Port LED[5] in module debounce_synth is either unconnected or has no load
WARNING: [Synth 8-7129] Port LED[4] in module debounce_synth is either unconnected or has no load
WARNING: [Synth 8-7129] Port LED[3] in module debounce_synth is either unconnected or has no load
WARNING: [Synth 8-7129] Port LED[2] in module debounce_synth is either unconnected or has no load
WARNING: [Synth 8-7129] Port LED[1] in module debounce_synth is either unconnected or has no load
WARNING: [Synth 8-7129] Port LED[0] in module debounce_synth is either unconnected or has no load
WARNING: [Synth 8-7129] Port sw[15] in module debounce_synth is either unconnected or has no load
WARNING: [Synth 8-7129] Port sw[14] in module debounce_synth is either unconnected or has no load
WARNING: [Synth 8-7129] Port sw[13] in module debounce_synth is either unconnected or has no load
WARNING: [Synth 8-7129] Port sw[12] in module debounce_synth is either unconnected or has no load
WARNING: [Synth 8-7129] Port sw[11] in module debounce_synth is either unconnected or has no load
WARNING: [Synth 8-7129] Port sw[10] in module debounce_synth is either unconnected or has no load
WARNING: [Synth 8-7129] Port sw[9] in module debounce_synth is either unconnected or has no load
WARNING: [Synth 8-7129] Port sw[8] in module debounce_synth is either unconnected or has no load
WARNING: [Synth 8-7129] Port sw[7] in module debounce_synth is either unconnected or has no load
WARNING: [Synth 8-7129] Port sw[6] in module debounce_synth is either unconnected or has no load
WARNING: [Synth 8-7129] Port sw[5] in module debounce_synth is either unconnected or has no load
WARNING: [Synth 8-7129] Port sw[4] in module debounce_synth is either unconnected or has no load
WARNING: [Synth 8-7129] Port sw[3] in module debounce_synth is either unconnected or has no load
WARNING: [Synth 8-7129] Port sw[2] in module debounce_synth is either unconnected or has no load
WARNING: [Synth 8-7129] Port sw[1] in module debounce_synth is either unconnected or has no load
WARNING: [Synth 8-7129] Port sw[0] in module debounce_synth is either unconnected or has no load
---------------------------------------------------------------------------------
Finished Cross Boundary and Area Optimization : Time (s): cpu = 00:00:20 ; elapsed = 00:00:21 . Memory (MB): peak = 1395.840 ; gain = 599.875
---------------------------------------------------------------------------------
---------------------------------------------------------------------------------
Start Applying XDC Timing Constraints
---------------------------------------------------------------------------------
---------------------------------------------------------------------------------
Finished Applying XDC Timing Constraints : Time (s): cpu = 00:00:25 ; elapsed = 00:00:27 . Memory (MB): peak = 1395.840 ; gain = 599.875
---------------------------------------------------------------------------------
---------------------------------------------------------------------------------
Start Timing Optimization
---------------------------------------------------------------------------------
---------------------------------------------------------------------------------
Finished Timing Optimization : Time (s): cpu = 00:00:26 ; elapsed = 00:00:27 . Memory (MB): peak = 1395.840 ; gain = 599.875
---------------------------------------------------------------------------------
---------------------------------------------------------------------------------
Start Technology Mapping
---------------------------------------------------------------------------------
---------------------------------------------------------------------------------
Finished Technology Mapping : Time (s): cpu = 00:00:26 ; elapsed = 00:00:27 . Memory (MB): peak = 1395.840 ; gain = 599.875
---------------------------------------------------------------------------------
---------------------------------------------------------------------------------
Start IO Insertion
---------------------------------------------------------------------------------
---------------------------------------------------------------------------------
Start Flattening Before IO Insertion
---------------------------------------------------------------------------------
---------------------------------------------------------------------------------
Finished Flattening Before IO Insertion
---------------------------------------------------------------------------------
---------------------------------------------------------------------------------
Start Final Netlist Cleanup
---------------------------------------------------------------------------------
---------------------------------------------------------------------------------
Finished Final Netlist Cleanup
---------------------------------------------------------------------------------
---------------------------------------------------------------------------------
Finished IO Insertion : Time (s): cpu = 00:00:31 ; elapsed = 00:00:33 . Memory (MB): peak = 1395.840 ; gain = 599.875
---------------------------------------------------------------------------------
---------------------------------------------------------------------------------
Start Renaming Generated Instances
---------------------------------------------------------------------------------
---------------------------------------------------------------------------------
Finished Renaming Generated Instances : Time (s): cpu = 00:00:31 ; elapsed = 00:00:33 . Memory (MB): peak = 1395.840 ; gain = 599.875
---------------------------------------------------------------------------------
---------------------------------------------------------------------------------
Start Rebuilding User Hierarchy
---------------------------------------------------------------------------------
---------------------------------------------------------------------------------
Finished Rebuilding User Hierarchy : Time (s): cpu = 00:00:31 ; elapsed = 00:00:33 . Memory (MB): peak = 1395.840 ; gain = 599.875
---------------------------------------------------------------------------------
---------------------------------------------------------------------------------
Start Renaming Generated Ports
---------------------------------------------------------------------------------
---------------------------------------------------------------------------------
Finished Renaming Generated Ports : Time (s): cpu = 00:00:31 ; elapsed = 00:00:33 . Memory (MB): peak = 1395.840 ; gain = 599.875
---------------------------------------------------------------------------------
---------------------------------------------------------------------------------
Start Handling Custom Attributes
---------------------------------------------------------------------------------
---------------------------------------------------------------------------------
Finished Handling Custom Attributes : Time (s): cpu = 00:00:31 ; elapsed = 00:00:33 . Memory (MB): peak = 1395.840 ; gain = 599.875
---------------------------------------------------------------------------------
---------------------------------------------------------------------------------
Start Renaming Generated Nets
---------------------------------------------------------------------------------
---------------------------------------------------------------------------------
Finished Renaming Generated Nets : Time (s): cpu = 00:00:31 ; elapsed = 00:00:33 . Memory (MB): peak = 1395.840 ; gain = 599.875
---------------------------------------------------------------------------------
---------------------------------------------------------------------------------
Start Writing Synthesis Report
---------------------------------------------------------------------------------

Report BlackBoxes: 
+-+--------------+----------+
| |BlackBox name |Instances |
+-+--------------+----------+
+-+--------------+----------+

Report Cell Usage: 
+------+-------+------+
|      |Cell   |Count |
+------+-------+------+
|1     |BUFG   |     1|
|2     |CARRY4 |    13|
|3     |LUT1   |     4|
|4     |LUT2   |     5|
|5     |LUT3   |     9|
|6     |LUT4   |    28|
|7     |LUT5   |     8|
|8     |LUT6   |    55|
|9     |MUXF7  |     6|
|10    |FDCE   |    77|
|11    |IBUF   |     3|
|12    |OBUF   |    12|
|13    |OBUFT  |    16|
+------+-------+------+
---------------------------------------------------------------------------------
Finished Writing Synthesis Report : Time (s): cpu = 00:00:31 ; elapsed = 00:00:33 . Memory (MB): peak = 1395.840 ; gain = 599.875
---------------------------------------------------------------------------------
Synthesis finished with 0 errors, 1 critical warnings and 34 warnings.
Synthesis Optimization Runtime : Time (s): cpu = 00:00:21 ; elapsed = 00:00:31 . Memory (MB): peak = 1395.840 ; gain = 497.785
Synthesis Optimization Complete : Time (s): cpu = 00:00:31 ; elapsed = 00:00:33 . Memory (MB): peak = 1395.840 ; gain = 599.875
INFO: [Project 1-571] Translating synthesized netlist
Netlist sorting complete. Time (s): cpu = 00:00:00 ; elapsed = 00:00:00.002 . Memory (MB): peak = 1395.840 ; gain = 0.000
INFO: [Netlist 29-17] Analyzing 19 Unisim elements for replacement
INFO: [Netlist 29-28] Unisim Transformation completed in 0 CPU seconds
INFO: [Project 1-570] Preparing netlist for logic optimization
INFO: [Opt 31-138] Pushed 0 inverter(s) to 0 load pin(s).
Netlist sorting complete. Time (s): cpu = 00:00:00 ; elapsed = 00:00:00 . Memory (MB): peak = 1395.840 ; gain = 0.000
INFO: [Project 1-111] Unisim Transformation Summary:
No Unisim elements were transformed.

Synth Design complete, checksum: d5598723
INFO: [Common 17-83] Releasing license: Synthesis
41 Infos, 75 Warnings, 7 Critical Warnings and 0 Errors encountered.
synth_design completed successfully
synth_design: Time (s): cpu = 00:00:36 ; elapsed = 00:00:39 . Memory (MB): peak = 1395.840 ; gain = 975.910
INFO: [runtcl-6] Synthesis results are not added to the cache due to CRITICAL_WARNING
INFO: [Common 17-1381] The checkpoint 'C:/Projects/FPGA-Intro/FPGA_Prototyping_CH5/FPGA_Prototyping_CH5.runs/synth_1/debounce_synth.dcp' has been generated.
INFO: [runtcl-4] Executing : report_utilization -file debounce_synth_utilization_synth.rpt -pb debounce_synth_utilization_synth.pb
INFO: [Common 17-206] Exiting Vivado at Sun Jan 15 00:33:49 2023...
